2022-12-06 12:12:40,589 INFO org.springframework.boot.StartupInfoLogger [restartedMain] Starting RmsApplication using Java 18.0.1.1 on landisPC with PID 6284 (C:\Users\Landis\eclipse-space3\rms.zip_expanded\rms\target\classes started by Landis in C:\Users\Landis\eclipse-space3\rms.zip_expanded\rms)
2022-12-06 12:12:40,592 INFO org.springframework.boot.SpringApplication [restartedMain] No active profile set, falling back to 1 default profile: "default"
2022-12-06 12:12:46,507 INFO org.springframework.boot.StartupInfoLogger [restartedMain] Started RmsApplication in 6.566 seconds (JVM running for 7.119)
2022-12-06 12:13:17,624 INFO com.reimburse.rms.aop.LoggingAspect [http-nio-7474-exec-3] Entering UserController.com.reimburse.rms.controller.UserController
2022-12-06 12:13:17,637 INFO com.reimburse.rms.aop.LoggingAspect [http-nio-7474-exec-3] Entering UserServiceImpl.com.reimburse.rms.service.UserServiceImpl
2022-12-06 12:13:17,641 INFO com.reimburse.rms.aop.LoggingAspect [http-nio-7474-exec-3] Entering UserDao.com.reimburse.rms.dao.UserDao
2022-12-06 12:13:17,893 INFO com.reimburse.rms.aop.LoggingAspect [http-nio-7474-exec-3] Exiting UserDao.com.reimburse.rms.dao.UserDao
2022-12-06 12:13:17,894 INFO com.reimburse.rms.aop.LoggingAspect [http-nio-7474-exec-3] Exiting UserServiceImpl.com.reimburse.rms.service.UserServiceImpl
2022-12-06 12:13:17,894 INFO com.reimburse.rms.aop.LoggingAspect [http-nio-7474-exec-3] Exiting UserController.com.reimburse.rms.controller.UserController
2022-12-06 12:13:17,896 INFO com.reimburse.rms.aop.LoggingAspect [http-nio-7474-exec-3] Entering GlobalExceptionHandler.com.reimburse.rms.exception.GlobalExceptionHandler
2022-12-06 12:13:17,911 INFO com.reimburse.rms.aop.LoggingAspect [http-nio-7474-exec-3] Exiting GlobalExceptionHandler.com.reimburse.rms.exception.GlobalExceptionHandler
2022-12-06 12:13:43,626 INFO com.reimburse.rms.aop.LoggingAspect [http-nio-7474-exec-6] Entering UserController.com.reimburse.rms.controller.UserController
2022-12-06 12:13:43,626 INFO com.reimburse.rms.aop.LoggingAspect [http-nio-7474-exec-6] Entering UserServiceImpl.com.reimburse.rms.service.UserServiceImpl
2022-12-06 12:13:43,626 INFO com.reimburse.rms.aop.LoggingAspect [http-nio-7474-exec-6] Entering UserDao.com.reimburse.rms.dao.UserDao
2022-12-06 12:13:43,638 INFO com.reimburse.rms.aop.LoggingAspect [http-nio-7474-exec-6] Exiting UserDao.com.reimburse.rms.dao.UserDao
2022-12-06 12:13:43,638 INFO com.reimburse.rms.aop.LoggingAspect [http-nio-7474-exec-6] Exiting UserServiceImpl.com.reimburse.rms.service.UserServiceImpl
2022-12-06 12:13:43,638 INFO com.reimburse.rms.aop.LoggingAspect [http-nio-7474-exec-6] Exiting UserController.com.reimburse.rms.controller.UserController
2022-12-06 12:13:43,670 INFO com.reimburse.rms.aop.LoggingAspect [http-nio-7474-exec-7] Entering RequestController.com.reimburse.rms.controller.RequestController
2022-12-06 12:13:43,673 INFO com.reimburse.rms.aop.LoggingAspect [http-nio-7474-exec-7] Entering RequestServiceImpl.com.reimburse.rms.service.RequestServiceImpl
2022-12-06 12:13:43,713 INFO com.reimburse.rms.aop.LoggingAspect [http-nio-7474-exec-7] Exiting RequestServiceImpl.com.reimburse.rms.service.RequestServiceImpl
2022-12-06 12:13:43,713 INFO com.reimburse.rms.aop.LoggingAspect [http-nio-7474-exec-7] Exiting RequestController.com.reimburse.rms.controller.RequestController
2022-12-06 12:14:26,284 INFO com.reimburse.rms.aop.LoggingAspect [http-nio-7474-exec-10] Entering UserController.com.reimburse.rms.controller.UserController
2022-12-06 12:14:26,284 INFO com.reimburse.rms.aop.LoggingAspect [http-nio-7474-exec-10] Entering UserServiceImpl.com.reimburse.rms.service.UserServiceImpl
2022-12-06 12:14:26,291 INFO com.reimburse.rms.aop.LoggingAspect [http-nio-7474-exec-10] Exiting UserServiceImpl.com.reimburse.rms.service.UserServiceImpl
2022-12-06 12:14:26,291 INFO com.reimburse.rms.aop.LoggingAspect [http-nio-7474-exec-10] Exiting UserController.com.reimburse.rms.controller.UserController
2022-12-06 12:14:30,778 INFO com.reimburse.rms.aop.LoggingAspect [http-nio-7474-exec-1] Entering RequestController.com.reimburse.rms.controller.RequestController
2022-12-06 12:14:30,779 INFO com.reimburse.rms.aop.LoggingAspect [http-nio-7474-exec-1] Entering RequestServiceImpl.com.reimburse.rms.service.RequestServiceImpl
2022-12-06 12:14:30,779 INFO com.reimburse.rms.aop.LoggingAspect [http-nio-7474-exec-1] Entering RequestDao.com.reimburse.rms.dao.RequestDao
2022-12-06 12:14:30,788 INFO com.reimburse.rms.aop.LoggingAspect [http-nio-7474-exec-1] Exiting RequestDao.com.reimburse.rms.dao.RequestDao
2022-12-06 12:14:30,789 INFO com.reimburse.rms.aop.LoggingAspect [http-nio-7474-exec-1] Exiting RequestServiceImpl.com.reimburse.rms.service.RequestServiceImpl
2022-12-06 12:14:30,789 INFO com.reimburse.rms.aop.LoggingAspect [http-nio-7474-exec-1] Exiting RequestController.com.reimburse.rms.controller.RequestController
2022-12-06 12:14:33,522 INFO com.reimburse.rms.aop.LoggingAspect [http-nio-7474-exec-4] Entering UserController.com.reimburse.rms.controller.UserController
2022-12-06 12:14:33,523 INFO com.reimburse.rms.aop.LoggingAspect [http-nio-7474-exec-4] Entering UserServiceImpl.com.reimburse.rms.service.UserServiceImpl
2022-12-06 12:14:33,526 INFO com.reimburse.rms.aop.LoggingAspect [http-nio-7474-exec-4] Exiting UserServiceImpl.com.reimburse.rms.service.UserServiceImpl
2022-12-06 12:14:33,526 INFO com.reimburse.rms.aop.LoggingAspect [http-nio-7474-exec-4] Exiting UserController.com.reimburse.rms.controller.UserController
2022-12-06 12:15:38,627 INFO com.reimburse.rms.aop.LoggingAspect [http-nio-7474-exec-9] Entering UserController.com.reimburse.rms.controller.UserController
2022-12-06 12:15:38,627 INFO com.reimburse.rms.aop.LoggingAspect [http-nio-7474-exec-9] Entering UserServiceImpl.com.reimburse.rms.service.UserServiceImpl
2022-12-06 12:15:38,628 INFO com.reimburse.rms.aop.LoggingAspect [http-nio-7474-exec-9] Entering UserDao.com.reimburse.rms.dao.UserDao
2022-12-06 12:15:38,629 INFO com.reimburse.rms.aop.LoggingAspect [http-nio-7474-exec-9] Exiting UserDao.com.reimburse.rms.dao.UserDao
2022-12-06 12:15:38,630 INFO com.reimburse.rms.aop.LoggingAspect [http-nio-7474-exec-9] Exiting UserServiceImpl.com.reimburse.rms.service.UserServiceImpl
2022-12-06 12:15:38,630 INFO com.reimburse.rms.aop.LoggingAspect [http-nio-7474-exec-9] Exiting UserController.com.reimburse.rms.controller.UserController
2022-12-06 12:15:38,662 INFO com.reimburse.rms.aop.LoggingAspect [http-nio-7474-exec-2] Entering RequestController.com.reimburse.rms.controller.RequestController
2022-12-06 12:15:38,662 INFO com.reimburse.rms.aop.LoggingAspect [http-nio-7474-exec-2] Entering RequestServiceImpl.com.reimburse.rms.service.RequestServiceImpl
2022-12-06 12:15:38,666 INFO com.reimburse.rms.aop.LoggingAspect [http-nio-7474-exec-2] Exiting RequestServiceImpl.com.reimburse.rms.service.RequestServiceImpl
2022-12-06 12:15:38,666 INFO com.reimburse.rms.aop.LoggingAspect [http-nio-7474-exec-2] Exiting RequestController.com.reimburse.rms.controller.RequestController
2022-12-06 12:15:43,701 INFO com.reimburse.rms.aop.LoggingAspect [http-nio-7474-exec-3] Entering UserController.com.reimburse.rms.controller.UserController
2022-12-06 12:15:43,702 INFO com.reimburse.rms.aop.LoggingAspect [http-nio-7474-exec-3] Entering UserServiceImpl.com.reimburse.rms.service.UserServiceImpl
2022-12-06 12:15:43,705 INFO com.reimburse.rms.aop.LoggingAspect [http-nio-7474-exec-3] Exiting UserServiceImpl.com.reimburse.rms.service.UserServiceImpl
2022-12-06 12:15:43,705 INFO com.reimburse.rms.aop.LoggingAspect [http-nio-7474-exec-3] Exiting UserController.com.reimburse.rms.controller.UserController
2022-12-06 12:15:46,137 INFO com.reimburse.rms.aop.LoggingAspect [http-nio-7474-exec-6] Entering RequestController.com.reimburse.rms.controller.RequestController
2022-12-06 12:15:46,138 INFO com.reimburse.rms.aop.LoggingAspect [http-nio-7474-exec-6] Entering RequestServiceImpl.com.reimburse.rms.service.RequestServiceImpl
2022-12-06 12:15:46,138 INFO com.reimburse.rms.aop.LoggingAspect [http-nio-7474-exec-6] Entering RequestDao.com.reimburse.rms.dao.RequestDao
2022-12-06 12:15:46,140 INFO com.reimburse.rms.aop.LoggingAspect [http-nio-7474-exec-6] Exiting RequestDao.com.reimburse.rms.dao.RequestDao
2022-12-06 12:15:46,140 INFO com.reimburse.rms.aop.LoggingAspect [http-nio-7474-exec-6] Exiting RequestServiceImpl.com.reimburse.rms.service.RequestServiceImpl
2022-12-06 12:15:46,140 INFO com.reimburse.rms.aop.LoggingAspect [http-nio-7474-exec-6] Exiting RequestController.com.reimburse.rms.controller.RequestController
2022-12-06 12:15:48,407 INFO com.reimburse.rms.aop.LoggingAspect [http-nio-7474-exec-7] Entering UserController.com.reimburse.rms.controller.UserController
2022-12-06 12:15:48,408 INFO com.reimburse.rms.aop.LoggingAspect [http-nio-7474-exec-7] Entering UserServiceImpl.com.reimburse.rms.service.UserServiceImpl
2022-12-06 12:15:48,409 INFO com.reimburse.rms.aop.LoggingAspect [http-nio-7474-exec-7] Exiting UserServiceImpl.com.reimburse.rms.service.UserServiceImpl
2022-12-06 12:15:48,410 INFO com.reimburse.rms.aop.LoggingAspect [http-nio-7474-exec-7] Exiting UserController.com.reimburse.rms.controller.UserController
2022-12-06 12:20:51,106 INFO com.reimburse.rms.aop.LoggingAspect [http-nio-7474-exec-4] Entering RequestController.com.reimburse.rms.controller.RequestController
2022-12-06 12:20:51,107 INFO com.reimburse.rms.aop.LoggingAspect [http-nio-7474-exec-4] Entering RequestServiceImpl.com.reimburse.rms.service.RequestServiceImpl
2022-12-06 12:20:51,107 INFO com.reimburse.rms.aop.LoggingAspect [http-nio-7474-exec-4] Entering RequestDao.com.reimburse.rms.dao.RequestDao
2022-12-06 12:20:51,109 INFO com.reimburse.rms.aop.LoggingAspect [http-nio-7474-exec-4] Exiting RequestDao.com.reimburse.rms.dao.RequestDao
2022-12-06 12:20:51,109 INFO com.reimburse.rms.aop.LoggingAspect [http-nio-7474-exec-4] Exiting RequestServiceImpl.com.reimburse.rms.service.RequestServiceImpl
2022-12-06 12:20:51,109 INFO com.reimburse.rms.aop.LoggingAspect [http-nio-7474-exec-4] Exiting RequestController.com.reimburse.rms.controller.RequestController
2022-12-06 12:20:55,868 INFO com.reimburse.rms.aop.LoggingAspect [http-nio-7474-exec-8] Entering RequestController.com.reimburse.rms.controller.RequestController
2022-12-06 12:20:55,868 INFO com.reimburse.rms.aop.LoggingAspect [http-nio-7474-exec-8] Entering RequestServiceImpl.com.reimburse.rms.service.RequestServiceImpl
2022-12-06 12:20:55,873 INFO com.reimburse.rms.aop.LoggingAspect [http-nio-7474-exec-8] Entering CrudRepository.org.springframework.data.repository.CrudRepository
2022-12-06 12:20:55,927 INFO com.reimburse.rms.aop.LoggingAspect [http-nio-7474-exec-8] Exiting CrudRepository.org.springframework.data.repository.CrudRepository
2022-12-06 12:20:55,927 INFO com.reimburse.rms.aop.LoggingAspect [http-nio-7474-exec-8] Exiting RequestServiceImpl.com.reimburse.rms.service.RequestServiceImpl
2022-12-06 12:20:55,928 INFO com.reimburse.rms.aop.LoggingAspect [http-nio-7474-exec-8] Exiting RequestController.com.reimburse.rms.controller.RequestController
2022-12-06 12:20:55,934 INFO com.reimburse.rms.aop.LoggingAspect [http-nio-7474-exec-9] Entering RequestController.com.reimburse.rms.controller.RequestController
2022-12-06 12:20:55,934 INFO com.reimburse.rms.aop.LoggingAspect [http-nio-7474-exec-9] Entering RequestServiceImpl.com.reimburse.rms.service.RequestServiceImpl
2022-12-06 12:20:55,934 INFO com.reimburse.rms.aop.LoggingAspect [http-nio-7474-exec-9] Entering RequestDao.com.reimburse.rms.dao.RequestDao
2022-12-06 12:20:55,937 INFO com.reimburse.rms.aop.LoggingAspect [http-nio-7474-exec-9] Exiting RequestDao.com.reimburse.rms.dao.RequestDao
2022-12-06 12:20:55,937 INFO com.reimburse.rms.aop.LoggingAspect [http-nio-7474-exec-9] Exiting RequestServiceImpl.com.reimburse.rms.service.RequestServiceImpl
2022-12-06 12:20:55,937 INFO com.reimburse.rms.aop.LoggingAspect [http-nio-7474-exec-9] Exiting RequestController.com.reimburse.rms.controller.RequestController
2022-12-06 12:20:58,286 INFO com.reimburse.rms.aop.LoggingAspect [http-nio-7474-exec-2] Entering UserController.com.reimburse.rms.controller.UserController
2022-12-06 12:20:58,287 INFO com.reimburse.rms.aop.LoggingAspect [http-nio-7474-exec-2] Entering UserServiceImpl.com.reimburse.rms.service.UserServiceImpl
2022-12-06 12:20:58,290 INFO com.reimburse.rms.aop.LoggingAspect [http-nio-7474-exec-2] Exiting UserServiceImpl.com.reimburse.rms.service.UserServiceImpl
2022-12-06 12:20:58,291 INFO com.reimburse.rms.aop.LoggingAspect [http-nio-7474-exec-2] Exiting UserController.com.reimburse.rms.controller.UserController
2022-12-06 12:21:11,633 INFO com.reimburse.rms.aop.LoggingAspect [http-nio-7474-exec-3] Entering RequestController.com.reimburse.rms.controller.RequestController
2022-12-06 12:21:11,634 INFO com.reimburse.rms.aop.LoggingAspect [http-nio-7474-exec-3] Entering RequestServiceImpl.com.reimburse.rms.service.RequestServiceImpl
2022-12-06 12:21:11,634 INFO com.reimburse.rms.aop.LoggingAspect [http-nio-7474-exec-3] Entering RequestDao.com.reimburse.rms.dao.RequestDao
2022-12-06 12:21:11,636 INFO com.reimburse.rms.aop.LoggingAspect [http-nio-7474-exec-3] Exiting RequestDao.com.reimburse.rms.dao.RequestDao
2022-12-06 12:21:11,637 INFO com.reimburse.rms.aop.LoggingAspect [http-nio-7474-exec-3] Exiting RequestServiceImpl.com.reimburse.rms.service.RequestServiceImpl
2022-12-06 12:21:11,637 INFO com.reimburse.rms.aop.LoggingAspect [http-nio-7474-exec-3] Exiting RequestController.com.reimburse.rms.controller.RequestController
2022-12-06 12:21:13,421 INFO com.reimburse.rms.aop.LoggingAspect [http-nio-7474-exec-6] Entering UserController.com.reimburse.rms.controller.UserController
2022-12-06 12:21:13,422 INFO com.reimburse.rms.aop.LoggingAspect [http-nio-7474-exec-6] Entering UserServiceImpl.com.reimburse.rms.service.UserServiceImpl
2022-12-06 12:21:13,424 INFO com.reimburse.rms.aop.LoggingAspect [http-nio-7474-exec-6] Exiting UserServiceImpl.com.reimburse.rms.service.UserServiceImpl
2022-12-06 12:21:13,424 INFO com.reimburse.rms.aop.LoggingAspect [http-nio-7474-exec-6] Exiting UserController.com.reimburse.rms.controller.UserController
2022-12-06 12:22:06,570 INFO com.reimburse.rms.aop.LoggingAspect [http-nio-7474-exec-7] Entering RequestController.com.reimburse.rms.controller.RequestController
2022-12-06 12:22:06,570 INFO com.reimburse.rms.aop.LoggingAspect [http-nio-7474-exec-7] Entering RequestServiceImpl.com.reimburse.rms.service.RequestServiceImpl
2022-12-06 12:22:06,570 INFO com.reimburse.rms.aop.LoggingAspect [http-nio-7474-exec-7] Entering RequestDao.com.reimburse.rms.dao.RequestDao
2022-12-06 12:22:06,572 INFO com.reimburse.rms.aop.LoggingAspect [http-nio-7474-exec-7] Exiting RequestDao.com.reimburse.rms.dao.RequestDao
2022-12-06 12:22:06,573 INFO com.reimburse.rms.aop.LoggingAspect [http-nio-7474-exec-7] Exiting RequestServiceImpl.com.reimburse.rms.service.RequestServiceImpl
2022-12-06 12:22:06,573 INFO com.reimburse.rms.aop.LoggingAspect [http-nio-7474-exec-7] Exiting RequestController.com.reimburse.rms.controller.RequestController
2022-12-06 12:22:10,365 INFO com.reimburse.rms.aop.LoggingAspect [http-nio-7474-exec-10] Entering UserController.com.reimburse.rms.controller.UserController
2022-12-06 12:22:10,366 INFO com.reimburse.rms.aop.LoggingAspect [http-nio-7474-exec-10] Entering UserServiceImpl.com.reimburse.rms.service.UserServiceImpl
2022-12-06 12:22:10,368 INFO com.reimburse.rms.aop.LoggingAspect [http-nio-7474-exec-10] Exiting UserServiceImpl.com.reimburse.rms.service.UserServiceImpl
2022-12-06 12:22:10,368 INFO com.reimburse.rms.aop.LoggingAspect [http-nio-7474-exec-10] Exiting UserController.com.reimburse.rms.controller.UserController
2022-12-06 12:24:39,745 INFO com.reimburse.rms.aop.LoggingAspect [http-nio-7474-exec-4] Entering RequestController.com.reimburse.rms.controller.RequestController
2022-12-06 12:24:39,746 INFO com.reimburse.rms.aop.LoggingAspect [http-nio-7474-exec-4] Entering RequestServiceImpl.com.reimburse.rms.service.RequestServiceImpl
2022-12-06 12:24:39,746 INFO com.reimburse.rms.aop.LoggingAspect [http-nio-7474-exec-4] Entering RequestDao.com.reimburse.rms.dao.RequestDao
2022-12-06 12:24:39,748 INFO com.reimburse.rms.aop.LoggingAspect [http-nio-7474-exec-4] Exiting RequestDao.com.reimburse.rms.dao.RequestDao
2022-12-06 12:24:39,748 INFO com.reimburse.rms.aop.LoggingAspect [http-nio-7474-exec-4] Exiting RequestServiceImpl.com.reimburse.rms.service.RequestServiceImpl
2022-12-06 12:24:39,748 INFO com.reimburse.rms.aop.LoggingAspect [http-nio-7474-exec-4] Exiting RequestController.com.reimburse.rms.controller.RequestController
2022-12-06 12:30:33,120 INFO com.reimburse.rms.aop.LoggingAspect [http-nio-7474-exec-8] Entering UserController.com.reimburse.rms.controller.UserController
2022-12-06 12:30:33,120 INFO com.reimburse.rms.aop.LoggingAspect [http-nio-7474-exec-8] Entering UserServiceImpl.com.reimburse.rms.service.UserServiceImpl
2022-12-06 12:30:33,121 INFO com.reimburse.rms.aop.LoggingAspect [http-nio-7474-exec-8] Entering UserDao.com.reimburse.rms.dao.UserDao
2022-12-06 12:30:33,122 INFO com.reimburse.rms.aop.LoggingAspect [http-nio-7474-exec-8] Exiting UserDao.com.reimburse.rms.dao.UserDao
2022-12-06 12:30:33,123 INFO com.reimburse.rms.aop.LoggingAspect [http-nio-7474-exec-8] Exiting UserServiceImpl.com.reimburse.rms.service.UserServiceImpl
2022-12-06 12:30:33,123 INFO com.reimburse.rms.aop.LoggingAspect [http-nio-7474-exec-8] Exiting UserController.com.reimburse.rms.controller.UserController
2022-12-06 12:30:33,138 INFO com.reimburse.rms.aop.LoggingAspect [http-nio-7474-exec-9] Entering RequestController.com.reimburse.rms.controller.RequestController
2022-12-06 12:30:33,138 INFO com.reimburse.rms.aop.LoggingAspect [http-nio-7474-exec-9] Entering RequestServiceImpl.com.reimburse.rms.service.RequestServiceImpl
2022-12-06 12:30:33,141 INFO com.reimburse.rms.aop.LoggingAspect [http-nio-7474-exec-9] Exiting RequestServiceImpl.com.reimburse.rms.service.RequestServiceImpl
2022-12-06 12:30:33,141 INFO com.reimburse.rms.aop.LoggingAspect [http-nio-7474-exec-9] Exiting RequestController.com.reimburse.rms.controller.RequestController
2022-12-06 12:30:39,714 INFO com.reimburse.rms.aop.LoggingAspect [http-nio-7474-exec-2] Entering UserController.com.reimburse.rms.controller.UserController
2022-12-06 12:30:39,714 INFO com.reimburse.rms.aop.LoggingAspect [http-nio-7474-exec-2] Entering UserServiceImpl.com.reimburse.rms.service.UserServiceImpl
2022-12-06 12:30:39,717 INFO com.reimburse.rms.aop.LoggingAspect [http-nio-7474-exec-2] Exiting UserServiceImpl.com.reimburse.rms.service.UserServiceImpl
2022-12-06 12:30:39,718 INFO com.reimburse.rms.aop.LoggingAspect [http-nio-7474-exec-2] Exiting UserController.com.reimburse.rms.controller.UserController
2022-12-06 12:30:43,827 INFO com.reimburse.rms.aop.LoggingAspect [http-nio-7474-exec-3] Entering RequestController.com.reimburse.rms.controller.RequestController
2022-12-06 12:30:43,828 INFO com.reimburse.rms.aop.LoggingAspect [http-nio-7474-exec-3] Entering RequestServiceImpl.com.reimburse.rms.service.RequestServiceImpl
2022-12-06 12:30:43,831 INFO com.reimburse.rms.aop.LoggingAspect [http-nio-7474-exec-3] Exiting RequestServiceImpl.com.reimburse.rms.service.RequestServiceImpl
2022-12-06 12:30:43,831 INFO com.reimburse.rms.aop.LoggingAspect [http-nio-7474-exec-3] Exiting RequestController.com.reimburse.rms.controller.RequestController
2022-12-06 12:30:48,534 INFO com.reimburse.rms.aop.LoggingAspect [http-nio-7474-exec-6] Entering UserController.com.reimburse.rms.controller.UserController
2022-12-06 12:30:48,535 INFO com.reimburse.rms.aop.LoggingAspect [http-nio-7474-exec-6] Entering UserServiceImpl.com.reimburse.rms.service.UserServiceImpl
2022-12-06 12:30:48,537 INFO com.reimburse.rms.aop.LoggingAspect [http-nio-7474-exec-6] Exiting UserServiceImpl.com.reimburse.rms.service.UserServiceImpl
2022-12-06 12:30:48,538 INFO com.reimburse.rms.aop.LoggingAspect [http-nio-7474-exec-6] Exiting UserController.com.reimburse.rms.controller.UserController
2022-12-06 12:31:51,772 INFO com.reimburse.rms.aop.LoggingAspect [http-nio-7474-exec-10] Entering UserController.com.reimburse.rms.controller.UserController
2022-12-06 12:31:51,772 INFO com.reimburse.rms.aop.LoggingAspect [http-nio-7474-exec-10] Entering UserServiceImpl.com.reimburse.rms.service.UserServiceImpl
2022-12-06 12:31:51,772 INFO com.reimburse.rms.aop.LoggingAspect [http-nio-7474-exec-10] Entering UserDao.com.reimburse.rms.dao.UserDao
2022-12-06 12:31:51,774 INFO com.reimburse.rms.aop.LoggingAspect [http-nio-7474-exec-10] Exiting UserDao.com.reimburse.rms.dao.UserDao
2022-12-06 12:31:51,774 INFO com.reimburse.rms.aop.LoggingAspect [http-nio-7474-exec-10] Exiting UserServiceImpl.com.reimburse.rms.service.UserServiceImpl
2022-12-06 12:31:51,774 INFO com.reimburse.rms.aop.LoggingAspect [http-nio-7474-exec-10] Exiting UserController.com.reimburse.rms.controller.UserController
2022-12-06 12:31:51,788 INFO com.reimburse.rms.aop.LoggingAspect [http-nio-7474-exec-1] Entering RequestController.com.reimburse.rms.controller.RequestController
2022-12-06 12:31:51,789 INFO com.reimburse.rms.aop.LoggingAspect [http-nio-7474-exec-1] Entering RequestServiceImpl.com.reimburse.rms.service.RequestServiceImpl
2022-12-06 12:31:51,793 INFO com.reimburse.rms.aop.LoggingAspect [http-nio-7474-exec-1] Exiting RequestServiceImpl.com.reimburse.rms.service.RequestServiceImpl
2022-12-06 12:31:51,793 INFO com.reimburse.rms.aop.LoggingAspect [http-nio-7474-exec-1] Exiting RequestController.com.reimburse.rms.controller.RequestController
2022-12-06 12:31:54,390 INFO com.reimburse.rms.aop.LoggingAspect [http-nio-7474-exec-4] Entering UserController.com.reimburse.rms.controller.UserController
2022-12-06 12:31:54,390 INFO com.reimburse.rms.aop.LoggingAspect [http-nio-7474-exec-4] Entering UserServiceImpl.com.reimburse.rms.service.UserServiceImpl
2022-12-06 12:31:54,393 INFO com.reimburse.rms.aop.LoggingAspect [http-nio-7474-exec-4] Exiting UserServiceImpl.com.reimburse.rms.service.UserServiceImpl
2022-12-06 12:31:54,393 INFO com.reimburse.rms.aop.LoggingAspect [http-nio-7474-exec-4] Exiting UserController.com.reimburse.rms.controller.UserController
2022-12-06 12:32:15,824 INFO com.reimburse.rms.aop.LoggingAspect [http-nio-7474-exec-5] Entering UserController.com.reimburse.rms.controller.UserController
2022-12-06 12:32:15,824 INFO com.reimburse.rms.aop.LoggingAspect [http-nio-7474-exec-5] Entering UserServiceImpl.com.reimburse.rms.service.UserServiceImpl
2022-12-06 12:32:15,825 INFO com.reimburse.rms.aop.LoggingAspect [http-nio-7474-exec-5] Entering UserDao.com.reimburse.rms.dao.UserDao
2022-12-06 12:32:15,826 INFO com.reimburse.rms.aop.LoggingAspect [http-nio-7474-exec-5] Exiting UserDao.com.reimburse.rms.dao.UserDao
2022-12-06 12:32:15,827 INFO com.reimburse.rms.aop.LoggingAspect [http-nio-7474-exec-5] Exiting UserServiceImpl.com.reimburse.rms.service.UserServiceImpl
2022-12-06 12:32:15,827 INFO com.reimburse.rms.aop.LoggingAspect [http-nio-7474-exec-5] Exiting UserController.com.reimburse.rms.controller.UserController
2022-12-06 12:32:15,842 INFO com.reimburse.rms.aop.LoggingAspect [http-nio-7474-exec-8] Entering RequestController.com.reimburse.rms.controller.RequestController
2022-12-06 12:32:15,842 INFO com.reimburse.rms.aop.LoggingAspect [http-nio-7474-exec-8] Entering RequestServiceImpl.com.reimburse.rms.service.RequestServiceImpl
2022-12-06 12:32:15,846 INFO com.reimburse.rms.aop.LoggingAspect [http-nio-7474-exec-8] Exiting RequestServiceImpl.com.reimburse.rms.service.RequestServiceImpl
2022-12-06 12:32:15,846 INFO com.reimburse.rms.aop.LoggingAspect [http-nio-7474-exec-8] Exiting RequestController.com.reimburse.rms.controller.RequestController
2022-12-06 12:32:17,475 INFO com.reimburse.rms.aop.LoggingAspect [http-nio-7474-exec-9] Entering UserController.com.reimburse.rms.controller.UserController
2022-12-06 12:32:17,475 INFO com.reimburse.rms.aop.LoggingAspect [http-nio-7474-exec-9] Entering UserServiceImpl.com.reimburse.rms.service.UserServiceImpl
2022-12-06 12:32:17,478 INFO com.reimburse.rms.aop.LoggingAspect [http-nio-7474-exec-9] Exiting UserServiceImpl.com.reimburse.rms.service.UserServiceImpl
2022-12-06 12:32:17,478 INFO com.reimburse.rms.aop.LoggingAspect [http-nio-7474-exec-9] Exiting UserController.com.reimburse.rms.controller.UserController
2022-12-06 12:41:43,889 INFO com.reimburse.rms.aop.LoggingAspect [http-nio-7474-exec-3] Entering UserController.com.reimburse.rms.controller.UserController
2022-12-06 12:41:43,890 INFO com.reimburse.rms.aop.LoggingAspect [http-nio-7474-exec-3] Entering UserServiceImpl.com.reimburse.rms.service.UserServiceImpl
2022-12-06 12:41:43,890 INFO com.reimburse.rms.aop.LoggingAspect [http-nio-7474-exec-3] Entering UserDao.com.reimburse.rms.dao.UserDao
2022-12-06 12:41:43,892 INFO com.reimburse.rms.aop.LoggingAspect [http-nio-7474-exec-3] Exiting UserDao.com.reimburse.rms.dao.UserDao
2022-12-06 12:41:43,892 INFO com.reimburse.rms.aop.LoggingAspect [http-nio-7474-exec-3] Exiting UserServiceImpl.com.reimburse.rms.service.UserServiceImpl
2022-12-06 12:41:43,892 INFO com.reimburse.rms.aop.LoggingAspect [http-nio-7474-exec-3] Exiting UserController.com.reimburse.rms.controller.UserController
2022-12-06 12:41:43,909 INFO com.reimburse.rms.aop.LoggingAspect [http-nio-7474-exec-6] Entering RequestController.com.reimburse.rms.controller.RequestController
2022-12-06 12:41:43,909 INFO com.reimburse.rms.aop.LoggingAspect [http-nio-7474-exec-6] Entering RequestServiceImpl.com.reimburse.rms.service.RequestServiceImpl
2022-12-06 12:41:43,912 INFO com.reimburse.rms.aop.LoggingAspect [http-nio-7474-exec-6] Exiting RequestServiceImpl.com.reimburse.rms.service.RequestServiceImpl
2022-12-06 12:41:43,912 INFO com.reimburse.rms.aop.LoggingAspect [http-nio-7474-exec-6] Exiting RequestController.com.reimburse.rms.controller.RequestController
2022-12-06 12:41:46,407 INFO com.reimburse.rms.aop.LoggingAspect [http-nio-7474-exec-7] Entering UserController.com.reimburse.rms.controller.UserController
2022-12-06 12:41:46,408 INFO com.reimburse.rms.aop.LoggingAspect [http-nio-7474-exec-7] Entering UserServiceImpl.com.reimburse.rms.service.UserServiceImpl
2022-12-06 12:41:46,411 INFO com.reimburse.rms.aop.LoggingAspect [http-nio-7474-exec-7] Exiting UserServiceImpl.com.reimburse.rms.service.UserServiceImpl
2022-12-06 12:41:46,411 INFO com.reimburse.rms.aop.LoggingAspect [http-nio-7474-exec-7] Exiting UserController.com.reimburse.rms.controller.UserController
2022-12-06 12:41:51,825 INFO com.reimburse.rms.aop.LoggingAspect [http-nio-7474-exec-10] Entering RequestController.com.reimburse.rms.controller.RequestController
2022-12-06 12:41:51,825 INFO com.reimburse.rms.aop.LoggingAspect [http-nio-7474-exec-10] Entering RequestServiceImpl.com.reimburse.rms.service.RequestServiceImpl
2022-12-06 12:41:51,825 INFO com.reimburse.rms.aop.LoggingAspect [http-nio-7474-exec-10] Entering RequestDao.com.reimburse.rms.dao.RequestDao
2022-12-06 12:41:51,826 INFO com.reimburse.rms.aop.LoggingAspect [http-nio-7474-exec-10] Exiting RequestDao.com.reimburse.rms.dao.RequestDao
2022-12-06 12:41:51,827 INFO com.reimburse.rms.aop.LoggingAspect [http-nio-7474-exec-10] Exiting RequestServiceImpl.com.reimburse.rms.service.RequestServiceImpl
2022-12-06 12:41:51,827 INFO com.reimburse.rms.aop.LoggingAspect [http-nio-7474-exec-10] Exiting RequestController.com.reimburse.rms.controller.RequestController
2022-12-06 12:41:59,015 INFO com.reimburse.rms.aop.LoggingAspect [http-nio-7474-exec-1] Entering RequestController.com.reimburse.rms.controller.RequestController
2022-12-06 12:41:59,015 INFO com.reimburse.rms.aop.LoggingAspect [http-nio-7474-exec-1] Entering RequestServiceImpl.com.reimburse.rms.service.RequestServiceImpl
2022-12-06 12:41:59,018 INFO com.reimburse.rms.aop.LoggingAspect [http-nio-7474-exec-1] Exiting RequestServiceImpl.com.reimburse.rms.service.RequestServiceImpl
2022-12-06 12:41:59,018 INFO com.reimburse.rms.aop.LoggingAspect [http-nio-7474-exec-1] Exiting RequestController.com.reimburse.rms.controller.RequestController
2022-12-06 12:42:00,833 INFO com.reimburse.rms.aop.LoggingAspect [http-nio-7474-exec-4] Entering UserController.com.reimburse.rms.controller.UserController
2022-12-06 12:42:00,833 INFO com.reimburse.rms.aop.LoggingAspect [http-nio-7474-exec-4] Entering UserServiceImpl.com.reimburse.rms.service.UserServiceImpl
2022-12-06 12:42:00,837 INFO com.reimburse.rms.aop.LoggingAspect [http-nio-7474-exec-4] Exiting UserServiceImpl.com.reimburse.rms.service.UserServiceImpl
2022-12-06 12:42:00,837 INFO com.reimburse.rms.aop.LoggingAspect [http-nio-7474-exec-4] Exiting UserController.com.reimburse.rms.controller.UserController
2022-12-06 12:42:02,241 INFO com.reimburse.rms.aop.LoggingAspect [http-nio-7474-exec-5] Entering RequestController.com.reimburse.rms.controller.RequestController
2022-12-06 12:42:02,242 INFO com.reimburse.rms.aop.LoggingAspect [http-nio-7474-exec-5] Entering RequestServiceImpl.com.reimburse.rms.service.RequestServiceImpl
2022-12-06 12:42:02,242 INFO com.reimburse.rms.aop.LoggingAspect [http-nio-7474-exec-5] Entering RequestDao.com.reimburse.rms.dao.RequestDao
2022-12-06 12:42:02,244 INFO com.reimburse.rms.aop.LoggingAspect [http-nio-7474-exec-5] Exiting RequestDao.com.reimburse.rms.dao.RequestDao
2022-12-06 12:42:02,244 INFO com.reimburse.rms.aop.LoggingAspect [http-nio-7474-exec-5] Exiting RequestServiceImpl.com.reimburse.rms.service.RequestServiceImpl
2022-12-06 12:42:02,244 INFO com.reimburse.rms.aop.LoggingAspect [http-nio-7474-exec-5] Exiting RequestController.com.reimburse.rms.controller.RequestController
2022-12-06 12:48:14,995 INFO com.reimburse.rms.aop.LoggingAspect [http-nio-7474-exec-2] Entering UserController.com.reimburse.rms.controller.UserController
2022-12-06 12:48:14,996 INFO com.reimburse.rms.aop.LoggingAspect [http-nio-7474-exec-2] Entering UserServiceImpl.com.reimburse.rms.service.UserServiceImpl
2022-12-06 12:48:14,996 INFO com.reimburse.rms.aop.LoggingAspect [http-nio-7474-exec-2] Entering UserDao.com.reimburse.rms.dao.UserDao
2022-12-06 12:48:14,999 INFO com.reimburse.rms.aop.LoggingAspect [http-nio-7474-exec-2] Exiting UserDao.com.reimburse.rms.dao.UserDao
2022-12-06 12:48:14,999 INFO com.reimburse.rms.aop.LoggingAspect [http-nio-7474-exec-2] Exiting UserServiceImpl.com.reimburse.rms.service.UserServiceImpl
2022-12-06 12:48:14,999 INFO com.reimburse.rms.aop.LoggingAspect [http-nio-7474-exec-2] Exiting UserController.com.reimburse.rms.controller.UserController
2022-12-06 12:48:15,015 INFO com.reimburse.rms.aop.LoggingAspect [http-nio-7474-exec-3] Entering RequestController.com.reimburse.rms.controller.RequestController
2022-12-06 12:48:15,015 INFO com.reimburse.rms.aop.LoggingAspect [http-nio-7474-exec-3] Entering RequestServiceImpl.com.reimburse.rms.service.RequestServiceImpl
2022-12-06 12:48:15,019 INFO com.reimburse.rms.aop.LoggingAspect [http-nio-7474-exec-3] Exiting RequestServiceImpl.com.reimburse.rms.service.RequestServiceImpl
2022-12-06 12:48:15,020 INFO com.reimburse.rms.aop.LoggingAspect [http-nio-7474-exec-3] Exiting RequestController.com.reimburse.rms.controller.RequestController
2022-12-06 12:48:17,007 INFO com.reimburse.rms.aop.LoggingAspect [http-nio-7474-exec-6] Entering UserController.com.reimburse.rms.controller.UserController
2022-12-06 12:48:17,007 INFO com.reimburse.rms.aop.LoggingAspect [http-nio-7474-exec-6] Entering UserServiceImpl.com.reimburse.rms.service.UserServiceImpl
2022-12-06 12:48:17,010 INFO com.reimburse.rms.aop.LoggingAspect [http-nio-7474-exec-6] Exiting UserServiceImpl.com.reimburse.rms.service.UserServiceImpl
2022-12-06 12:48:17,010 INFO com.reimburse.rms.aop.LoggingAspect [http-nio-7474-exec-6] Exiting UserController.com.reimburse.rms.controller.UserController
2022-12-06 12:48:19,171 INFO com.reimburse.rms.aop.LoggingAspect [http-nio-7474-exec-7] Entering RequestController.com.reimburse.rms.controller.RequestController
2022-12-06 12:48:19,171 INFO com.reimburse.rms.aop.LoggingAspect [http-nio-7474-exec-7] Entering RequestServiceImpl.com.reimburse.rms.service.RequestServiceImpl
2022-12-06 12:48:19,172 INFO com.reimburse.rms.aop.LoggingAspect [http-nio-7474-exec-7] Entering RequestDao.com.reimburse.rms.dao.RequestDao
2022-12-06 12:48:19,173 INFO com.reimburse.rms.aop.LoggingAspect [http-nio-7474-exec-7] Exiting RequestDao.com.reimburse.rms.dao.RequestDao
2022-12-06 12:48:19,174 INFO com.reimburse.rms.aop.LoggingAspect [http-nio-7474-exec-7] Exiting RequestServiceImpl.com.reimburse.rms.service.RequestServiceImpl
2022-12-06 12:48:19,174 INFO com.reimburse.rms.aop.LoggingAspect [http-nio-7474-exec-7] Exiting RequestController.com.reimburse.rms.controller.RequestController
2022-12-06 12:48:22,334 INFO com.reimburse.rms.aop.LoggingAspect [http-nio-7474-exec-10] Entering UserController.com.reimburse.rms.controller.UserController
2022-12-06 12:48:22,334 INFO com.reimburse.rms.aop.LoggingAspect [http-nio-7474-exec-10] Entering UserServiceImpl.com.reimburse.rms.service.UserServiceImpl
2022-12-06 12:48:22,336 INFO com.reimburse.rms.aop.LoggingAspect [http-nio-7474-exec-10] Exiting UserServiceImpl.com.reimburse.rms.service.UserServiceImpl
2022-12-06 12:48:22,336 INFO com.reimburse.rms.aop.LoggingAspect [http-nio-7474-exec-10] Exiting UserController.com.reimburse.rms.controller.UserController
2022-12-06 12:48:51,454 INFO com.reimburse.rms.aop.LoggingAspect [http-nio-7474-exec-1] Entering RequestController.com.reimburse.rms.controller.RequestController
2022-12-06 12:48:51,454 INFO com.reimburse.rms.aop.LoggingAspect [http-nio-7474-exec-1] Entering RequestServiceImpl.com.reimburse.rms.service.RequestServiceImpl
2022-12-06 12:48:51,454 INFO com.reimburse.rms.aop.LoggingAspect [http-nio-7474-exec-1] Entering RequestDao.com.reimburse.rms.dao.RequestDao
2022-12-06 12:48:51,456 INFO com.reimburse.rms.aop.LoggingAspect [http-nio-7474-exec-1] Exiting RequestDao.com.reimburse.rms.dao.RequestDao
2022-12-06 12:48:51,456 INFO com.reimburse.rms.aop.LoggingAspect [http-nio-7474-exec-1] Exiting RequestServiceImpl.com.reimburse.rms.service.RequestServiceImpl
2022-12-06 12:48:51,456 INFO com.reimburse.rms.aop.LoggingAspect [http-nio-7474-exec-1] Exiting RequestController.com.reimburse.rms.controller.RequestController
2022-12-06 12:48:56,893 INFO com.reimburse.rms.aop.LoggingAspect [http-nio-7474-exec-4] Entering RequestController.com.reimburse.rms.controller.RequestController
2022-12-06 12:48:56,894 INFO com.reimburse.rms.aop.LoggingAspect [http-nio-7474-exec-4] Entering RequestServiceImpl.com.reimburse.rms.service.RequestServiceImpl
2022-12-06 12:48:56,894 INFO com.reimburse.rms.aop.LoggingAspect [http-nio-7474-exec-4] Entering CrudRepository.org.springframework.data.repository.CrudRepository
2022-12-06 12:48:56,898 INFO com.reimburse.rms.aop.LoggingAspect [http-nio-7474-exec-4] Exiting CrudRepository.org.springframework.data.repository.CrudRepository
2022-12-06 12:48:56,899 INFO com.reimburse.rms.aop.LoggingAspect [http-nio-7474-exec-4] Exiting RequestServiceImpl.com.reimburse.rms.service.RequestServiceImpl
2022-12-06 12:48:56,899 INFO com.reimburse.rms.aop.LoggingAspect [http-nio-7474-exec-4] Exiting RequestController.com.reimburse.rms.controller.RequestController
2022-12-06 12:48:56,904 INFO com.reimburse.rms.aop.LoggingAspect [http-nio-7474-exec-5] Entering RequestController.com.reimburse.rms.controller.RequestController
2022-12-06 12:48:56,904 INFO com.reimburse.rms.aop.LoggingAspect [http-nio-7474-exec-5] Entering RequestServiceImpl.com.reimburse.rms.service.RequestServiceImpl
2022-12-06 12:48:56,904 INFO com.reimburse.rms.aop.LoggingAspect [http-nio-7474-exec-5] Entering RequestDao.com.reimburse.rms.dao.RequestDao
2022-12-06 12:48:56,905 INFO com.reimburse.rms.aop.LoggingAspect [http-nio-7474-exec-5] Exiting RequestDao.com.reimburse.rms.dao.RequestDao
2022-12-06 12:48:56,905 INFO com.reimburse.rms.aop.LoggingAspect [http-nio-7474-exec-5] Exiting RequestServiceImpl.com.reimburse.rms.service.RequestServiceImpl
2022-12-06 12:48:56,905 INFO com.reimburse.rms.aop.LoggingAspect [http-nio-7474-exec-5] Exiting RequestController.com.reimburse.rms.controller.RequestController
2022-12-06 12:48:59,385 INFO com.reimburse.rms.aop.LoggingAspect [http-nio-7474-exec-8] Entering UserController.com.reimburse.rms.controller.UserController
2022-12-06 12:48:59,385 INFO com.reimburse.rms.aop.LoggingAspect [http-nio-7474-exec-8] Entering UserServiceImpl.com.reimburse.rms.service.UserServiceImpl
2022-12-06 12:48:59,388 INFO com.reimburse.rms.aop.LoggingAspect [http-nio-7474-exec-8] Exiting UserServiceImpl.com.reimburse.rms.service.UserServiceImpl
2022-12-06 12:48:59,388 INFO com.reimburse.rms.aop.LoggingAspect [http-nio-7474-exec-8] Exiting UserController.com.reimburse.rms.controller.UserController
2022-12-06 13:14:53,647 INFO com.reimburse.rms.aop.LoggingAspect [http-nio-7474-exec-2] Entering UserController.com.reimburse.rms.controller.UserController
2022-12-06 13:14:53,647 INFO com.reimburse.rms.aop.LoggingAspect [http-nio-7474-exec-2] Entering UserServiceImpl.com.reimburse.rms.service.UserServiceImpl
2022-12-06 13:14:53,647 INFO com.reimburse.rms.aop.LoggingAspect [http-nio-7474-exec-2] Entering UserDao.com.reimburse.rms.dao.UserDao
2022-12-06 13:14:53,650 INFO com.reimburse.rms.aop.LoggingAspect [http-nio-7474-exec-2] Exiting UserDao.com.reimburse.rms.dao.UserDao
2022-12-06 13:14:53,650 INFO com.reimburse.rms.aop.LoggingAspect [http-nio-7474-exec-2] Exiting UserServiceImpl.com.reimburse.rms.service.UserServiceImpl
2022-12-06 13:14:53,650 INFO com.reimburse.rms.aop.LoggingAspect [http-nio-7474-exec-2] Exiting UserController.com.reimburse.rms.controller.UserController
2022-12-06 13:14:53,664 INFO com.reimburse.rms.aop.LoggingAspect [http-nio-7474-exec-3] Entering RequestController.com.reimburse.rms.controller.RequestController
2022-12-06 13:14:53,664 INFO com.reimburse.rms.aop.LoggingAspect [http-nio-7474-exec-3] Entering RequestServiceImpl.com.reimburse.rms.service.RequestServiceImpl
2022-12-06 13:14:53,668 INFO com.reimburse.rms.aop.LoggingAspect [http-nio-7474-exec-3] Exiting RequestServiceImpl.com.reimburse.rms.service.RequestServiceImpl
2022-12-06 13:14:53,668 INFO com.reimburse.rms.aop.LoggingAspect [http-nio-7474-exec-3] Exiting RequestController.com.reimburse.rms.controller.RequestController
2022-12-06 13:15:01,042 INFO com.reimburse.rms.aop.LoggingAspect [http-nio-7474-exec-7] Entering RequestController.com.reimburse.rms.controller.RequestController
2022-12-06 13:15:01,042 INFO com.reimburse.rms.aop.LoggingAspect [http-nio-7474-exec-7] Entering RequestServiceImpl.com.reimburse.rms.service.RequestServiceImpl
2022-12-06 13:15:01,042 INFO com.reimburse.rms.aop.LoggingAspect [http-nio-7474-exec-7] Entering CrudRepository.org.springframework.data.repository.CrudRepository
2022-12-06 13:15:01,046 INFO com.reimburse.rms.aop.LoggingAspect [http-nio-7474-exec-7] Exiting CrudRepository.org.springframework.data.repository.CrudRepository
2022-12-06 13:15:01,046 INFO com.reimburse.rms.aop.LoggingAspect [http-nio-7474-exec-7] Exiting RequestServiceImpl.com.reimburse.rms.service.RequestServiceImpl
2022-12-06 13:15:01,046 INFO com.reimburse.rms.aop.LoggingAspect [http-nio-7474-exec-7] Exiting RequestController.com.reimburse.rms.controller.RequestController
2022-12-06 13:15:01,051 INFO com.reimburse.rms.aop.LoggingAspect [http-nio-7474-exec-10] Entering RequestController.com.reimburse.rms.controller.RequestController
2022-12-06 13:15:01,051 INFO com.reimburse.rms.aop.LoggingAspect [http-nio-7474-exec-10] Entering RequestServiceImpl.com.reimburse.rms.service.RequestServiceImpl
2022-12-06 13:15:01,056 INFO com.reimburse.rms.aop.LoggingAspect [http-nio-7474-exec-10] Exiting RequestServiceImpl.com.reimburse.rms.service.RequestServiceImpl
2022-12-06 13:15:01,056 INFO com.reimburse.rms.aop.LoggingAspect [http-nio-7474-exec-10] Exiting RequestController.com.reimburse.rms.controller.RequestController
2022-12-06 13:17:09,577 INFO com.reimburse.rms.aop.LoggingAspect [http-nio-7474-exec-4] Entering UserController.com.reimburse.rms.controller.UserController
2022-12-06 13:17:09,578 INFO com.reimburse.rms.aop.LoggingAspect [http-nio-7474-exec-4] Entering UserServiceImpl.com.reimburse.rms.service.UserServiceImpl
2022-12-06 13:17:09,578 INFO com.reimburse.rms.aop.LoggingAspect [http-nio-7474-exec-4] Entering UserDao.com.reimburse.rms.dao.UserDao
2022-12-06 13:17:09,580 INFO com.reimburse.rms.aop.LoggingAspect [http-nio-7474-exec-4] Exiting UserDao.com.reimburse.rms.dao.UserDao
2022-12-06 13:17:09,580 INFO com.reimburse.rms.aop.LoggingAspect [http-nio-7474-exec-4] Exiting UserServiceImpl.com.reimburse.rms.service.UserServiceImpl
2022-12-06 13:17:09,580 INFO com.reimburse.rms.aop.LoggingAspect [http-nio-7474-exec-4] Exiting UserController.com.reimburse.rms.controller.UserController
2022-12-06 13:17:09,595 INFO com.reimburse.rms.aop.LoggingAspect [http-nio-7474-exec-5] Entering RequestController.com.reimburse.rms.controller.RequestController
2022-12-06 13:17:09,595 INFO com.reimburse.rms.aop.LoggingAspect [http-nio-7474-exec-5] Entering RequestServiceImpl.com.reimburse.rms.service.RequestServiceImpl
2022-12-06 13:17:09,598 INFO com.reimburse.rms.aop.LoggingAspect [http-nio-7474-exec-5] Exiting RequestServiceImpl.com.reimburse.rms.service.RequestServiceImpl
2022-12-06 13:17:09,598 INFO com.reimburse.rms.aop.LoggingAspect [http-nio-7474-exec-5] Exiting RequestController.com.reimburse.rms.controller.RequestController
2022-12-06 13:18:06,462 INFO com.reimburse.rms.aop.LoggingAspect [http-nio-7474-exec-8] Entering RequestController.com.reimburse.rms.controller.RequestController
2022-12-06 13:18:06,463 INFO com.reimburse.rms.aop.LoggingAspect [http-nio-7474-exec-8] Entering RequestServiceImpl.com.reimburse.rms.service.RequestServiceImpl
2022-12-06 13:18:06,463 INFO com.reimburse.rms.aop.LoggingAspect [http-nio-7474-exec-8] Entering CrudRepository.org.springframework.data.repository.CrudRepository
2022-12-06 13:18:06,468 INFO com.reimburse.rms.aop.LoggingAspect [http-nio-7474-exec-8] Exiting CrudRepository.org.springframework.data.repository.CrudRepository
2022-12-06 13:18:06,468 INFO com.reimburse.rms.aop.LoggingAspect [http-nio-7474-exec-8] Exiting RequestServiceImpl.com.reimburse.rms.service.RequestServiceImpl
2022-12-06 13:18:06,468 INFO com.reimburse.rms.aop.LoggingAspect [http-nio-7474-exec-8] Exiting RequestController.com.reimburse.rms.controller.RequestController
2022-12-06 13:18:06,474 INFO com.reimburse.rms.aop.LoggingAspect [http-nio-7474-exec-9] Entering RequestController.com.reimburse.rms.controller.RequestController
2022-12-06 13:18:06,474 INFO com.reimburse.rms.aop.LoggingAspect [http-nio-7474-exec-9] Entering RequestServiceImpl.com.reimburse.rms.service.RequestServiceImpl
2022-12-06 13:18:06,477 INFO com.reimburse.rms.aop.LoggingAspect [http-nio-7474-exec-9] Exiting RequestServiceImpl.com.reimburse.rms.service.RequestServiceImpl
2022-12-06 13:18:06,477 INFO com.reimburse.rms.aop.LoggingAspect [http-nio-7474-exec-9] Exiting RequestController.com.reimburse.rms.controller.RequestController
2022-12-06 13:18:18,159 INFO com.reimburse.rms.aop.LoggingAspect [http-nio-7474-exec-2] Entering RequestController.com.reimburse.rms.controller.RequestController
2022-12-06 13:18:18,159 INFO com.reimburse.rms.aop.LoggingAspect [http-nio-7474-exec-2] Entering RequestServiceImpl.com.reimburse.rms.service.RequestServiceImpl
2022-12-06 13:18:18,159 INFO com.reimburse.rms.aop.LoggingAspect [http-nio-7474-exec-2] Entering CrudRepository.org.springframework.data.repository.CrudRepository
2022-12-06 13:18:18,163 INFO com.reimburse.rms.aop.LoggingAspect [http-nio-7474-exec-2] Exiting CrudRepository.org.springframework.data.repository.CrudRepository
2022-12-06 13:18:18,163 INFO com.reimburse.rms.aop.LoggingAspect [http-nio-7474-exec-2] Exiting RequestServiceImpl.com.reimburse.rms.service.RequestServiceImpl
2022-12-06 13:18:18,164 INFO com.reimburse.rms.aop.LoggingAspect [http-nio-7474-exec-2] Exiting RequestController.com.reimburse.rms.controller.RequestController
2022-12-06 13:18:18,167 INFO com.reimburse.rms.aop.LoggingAspect [http-nio-7474-exec-3] Entering RequestController.com.reimburse.rms.controller.RequestController
2022-12-06 13:18:18,167 INFO com.reimburse.rms.aop.LoggingAspect [http-nio-7474-exec-3] Entering RequestServiceImpl.com.reimburse.rms.service.RequestServiceImpl
2022-12-06 13:18:18,170 INFO com.reimburse.rms.aop.LoggingAspect [http-nio-7474-exec-3] Exiting RequestServiceImpl.com.reimburse.rms.service.RequestServiceImpl
2022-12-06 13:18:18,171 INFO com.reimburse.rms.aop.LoggingAspect [http-nio-7474-exec-3] Exiting RequestController.com.reimburse.rms.controller.RequestController
2022-12-06 13:23:59,729 INFO com.reimburse.rms.aop.LoggingAspect [http-nio-7474-exec-10] Entering UserController.com.reimburse.rms.controller.UserController
2022-12-06 13:23:59,730 INFO com.reimburse.rms.aop.LoggingAspect [http-nio-7474-exec-10] Entering UserServiceImpl.com.reimburse.rms.service.UserServiceImpl
2022-12-06 13:23:59,730 INFO com.reimburse.rms.aop.LoggingAspect [http-nio-7474-exec-10] Entering UserDao.com.reimburse.rms.dao.UserDao
2022-12-06 13:23:59,732 INFO com.reimburse.rms.aop.LoggingAspect [http-nio-7474-exec-10] Exiting UserDao.com.reimburse.rms.dao.UserDao
2022-12-06 13:23:59,732 INFO com.reimburse.rms.aop.LoggingAspect [http-nio-7474-exec-10] Exiting UserServiceImpl.com.reimburse.rms.service.UserServiceImpl
2022-12-06 13:23:59,732 INFO com.reimburse.rms.aop.LoggingAspect [http-nio-7474-exec-10] Exiting UserController.com.reimburse.rms.controller.UserController
2022-12-06 13:23:59,747 INFO com.reimburse.rms.aop.LoggingAspect [http-nio-7474-exec-1] Entering RequestController.com.reimburse.rms.controller.RequestController
2022-12-06 13:23:59,748 INFO com.reimburse.rms.aop.LoggingAspect [http-nio-7474-exec-1] Entering RequestServiceImpl.com.reimburse.rms.service.RequestServiceImpl
2022-12-06 13:23:59,749 INFO com.reimburse.rms.aop.LoggingAspect [http-nio-7474-exec-1] Exiting RequestServiceImpl.com.reimburse.rms.service.RequestServiceImpl
2022-12-06 13:23:59,749 INFO com.reimburse.rms.aop.LoggingAspect [http-nio-7474-exec-1] Exiting RequestController.com.reimburse.rms.controller.RequestController
2022-12-06 13:24:27,287 INFO com.reimburse.rms.aop.LoggingAspect [http-nio-7474-exec-4] Entering RequestController.com.reimburse.rms.controller.RequestController
2022-12-06 13:24:27,288 INFO com.reimburse.rms.aop.LoggingAspect [http-nio-7474-exec-4] Entering RequestServiceImpl.com.reimburse.rms.service.RequestServiceImpl
2022-12-06 13:24:27,288 INFO com.reimburse.rms.aop.LoggingAspect [http-nio-7474-exec-4] Entering CrudRepository.org.springframework.data.repository.CrudRepository
2022-12-06 13:24:27,293 INFO com.reimburse.rms.aop.LoggingAspect [http-nio-7474-exec-4] Exiting CrudRepository.org.springframework.data.repository.CrudRepository
2022-12-06 13:24:27,293 INFO com.reimburse.rms.aop.LoggingAspect [http-nio-7474-exec-4] Exiting RequestServiceImpl.com.reimburse.rms.service.RequestServiceImpl
2022-12-06 13:24:27,294 INFO com.reimburse.rms.aop.LoggingAspect [http-nio-7474-exec-4] Exiting RequestController.com.reimburse.rms.controller.RequestController
2022-12-06 13:24:27,299 INFO com.reimburse.rms.aop.LoggingAspect [http-nio-7474-exec-5] Entering RequestController.com.reimburse.rms.controller.RequestController
2022-12-06 13:24:27,299 INFO com.reimburse.rms.aop.LoggingAspect [http-nio-7474-exec-5] Entering RequestServiceImpl.com.reimburse.rms.service.RequestServiceImpl
2022-12-06 13:24:27,301 INFO com.reimburse.rms.aop.LoggingAspect [http-nio-7474-exec-5] Exiting RequestServiceImpl.com.reimburse.rms.service.RequestServiceImpl
2022-12-06 13:24:27,301 INFO com.reimburse.rms.aop.LoggingAspect [http-nio-7474-exec-5] Exiting RequestController.com.reimburse.rms.controller.RequestController
2022-12-06 13:24:45,823 INFO com.reimburse.rms.aop.LoggingAspect [http-nio-7474-exec-8] Entering RequestController.com.reimburse.rms.controller.RequestController
2022-12-06 13:24:45,823 INFO com.reimburse.rms.aop.LoggingAspect [http-nio-7474-exec-8] Entering RequestServiceImpl.com.reimburse.rms.service.RequestServiceImpl
2022-12-06 13:24:45,823 INFO com.reimburse.rms.aop.LoggingAspect [http-nio-7474-exec-8] Entering CrudRepository.org.springframework.data.repository.CrudRepository
2022-12-06 13:24:45,830 INFO com.reimburse.rms.aop.LoggingAspect [http-nio-7474-exec-8] Exiting CrudRepository.org.springframework.data.repository.CrudRepository
2022-12-06 13:24:45,830 INFO com.reimburse.rms.aop.LoggingAspect [http-nio-7474-exec-8] Exiting RequestServiceImpl.com.reimburse.rms.service.RequestServiceImpl
2022-12-06 13:24:45,830 INFO com.reimburse.rms.aop.LoggingAspect [http-nio-7474-exec-8] Exiting RequestController.com.reimburse.rms.controller.RequestController
2022-12-06 13:24:45,835 INFO com.reimburse.rms.aop.LoggingAspect [http-nio-7474-exec-9] Entering RequestController.com.reimburse.rms.controller.RequestController
2022-12-06 13:24:45,836 INFO com.reimburse.rms.aop.LoggingAspect [http-nio-7474-exec-9] Entering RequestServiceImpl.com.reimburse.rms.service.RequestServiceImpl
2022-12-06 13:24:45,840 INFO com.reimburse.rms.aop.LoggingAspect [http-nio-7474-exec-9] Exiting RequestServiceImpl.com.reimburse.rms.service.RequestServiceImpl
2022-12-06 13:24:45,840 INFO com.reimburse.rms.aop.LoggingAspect [http-nio-7474-exec-9] Exiting RequestController.com.reimburse.rms.controller.RequestController
