2022-11-20 15:29:26,797 INFO org.springframework.boot.StartupInfoLogger [restartedMain] Starting RmsApplication using Java 18.0.1.1 on landisPC with PID 17768 (C:\Users\Landis\eclipse-space3\rms.zip_expanded\rms\target\classes started by Landis in C:\Users\Landis\eclipse-space3\rms.zip_expanded\rms)
2022-11-20 15:29:26,801 INFO org.springframework.boot.SpringApplication [restartedMain] No active profile set, falling back to 1 default profile: "default"
2022-11-20 15:29:30,910 INFO org.springframework.boot.StartupInfoLogger [restartedMain] Started RmsApplication in 4.463 seconds (JVM running for 4.826)
2022-11-20 16:38:38,171 INFO com.reimburse.rms.aop.LoggingAspect [http-nio-7474-exec-2] Entering UserController.com.reimburse.rms.controller.UserController
2022-11-20 16:38:38,184 INFO com.reimburse.rms.aop.LoggingAspect [http-nio-7474-exec-2] Entering UserServiceImpl.com.reimburse.rms.service.UserServiceImpl
2022-11-20 16:38:38,190 INFO com.reimburse.rms.aop.LoggingAspect [http-nio-7474-exec-2] Entering UserDao.com.reimburse.rms.dao.UserDao
2022-11-20 16:38:38,362 INFO com.reimburse.rms.aop.LoggingAspect [http-nio-7474-exec-2] Exiting UserDao.com.reimburse.rms.dao.UserDao
2022-11-20 16:38:38,363 INFO com.reimburse.rms.aop.LoggingAspect [http-nio-7474-exec-2] Exiting UserServiceImpl.com.reimburse.rms.service.UserServiceImpl
2022-11-20 16:38:38,363 INFO com.reimburse.rms.aop.LoggingAspect [http-nio-7474-exec-2] Exiting UserController.com.reimburse.rms.controller.UserController
2022-11-20 16:38:38,432 INFO com.reimburse.rms.aop.LoggingAspect [http-nio-7474-exec-3] Entering RequestController.com.reimburse.rms.controller.RequestController
2022-11-20 16:38:38,445 INFO com.reimburse.rms.aop.LoggingAspect [http-nio-7474-exec-3] Entering RequestServiceImpl.com.reimburse.rms.service.RequestServiceImpl
2022-11-20 16:38:38,451 INFO com.reimburse.rms.aop.LoggingAspect [http-nio-7474-exec-3] Entering RequestDao.com.reimburse.rms.dao.RequestDao
2022-11-20 16:38:38,473 INFO com.reimburse.rms.aop.LoggingAspect [http-nio-7474-exec-3] Exiting RequestDao.com.reimburse.rms.dao.RequestDao
2022-11-20 16:38:38,474 INFO com.reimburse.rms.aop.LoggingAspect [http-nio-7474-exec-3] Exiting RequestServiceImpl.com.reimburse.rms.service.RequestServiceImpl
2022-11-20 16:38:38,474 INFO com.reimburse.rms.aop.LoggingAspect [http-nio-7474-exec-3] Exiting RequestController.com.reimburse.rms.controller.RequestController
2022-11-20 16:44:10,893 INFO com.reimburse.rms.aop.LoggingAspect [http-nio-7474-exec-6] Entering RequestController.com.reimburse.rms.controller.RequestController
2022-11-20 16:44:10,893 INFO com.reimburse.rms.aop.LoggingAspect [http-nio-7474-exec-6] Entering RequestServiceImpl.com.reimburse.rms.service.RequestServiceImpl
2022-11-20 16:44:10,906 INFO com.reimburse.rms.aop.LoggingAspect [http-nio-7474-exec-6] Entering JpaRepository.org.springframework.data.jpa.repository.JpaRepository
2022-11-20 16:44:11,008 INFO com.reimburse.rms.aop.LoggingAspect [http-nio-7474-exec-6] Exiting JpaRepository.org.springframework.data.jpa.repository.JpaRepository
2022-11-20 16:44:11,009 INFO com.reimburse.rms.aop.LoggingAspect [http-nio-7474-exec-6] Exiting RequestServiceImpl.com.reimburse.rms.service.RequestServiceImpl
2022-11-20 16:44:11,009 INFO com.reimburse.rms.aop.LoggingAspect [http-nio-7474-exec-6] Exiting RequestController.com.reimburse.rms.controller.RequestController
2022-11-20 16:44:11,019 INFO com.reimburse.rms.aop.LoggingAspect [http-nio-7474-exec-7] Entering RequestController.com.reimburse.rms.controller.RequestController
2022-11-20 16:44:11,020 INFO com.reimburse.rms.aop.LoggingAspect [http-nio-7474-exec-7] Entering RequestServiceImpl.com.reimburse.rms.service.RequestServiceImpl
2022-11-20 16:44:11,020 INFO com.reimburse.rms.aop.LoggingAspect [http-nio-7474-exec-7] Entering RequestDao.com.reimburse.rms.dao.RequestDao
2022-11-20 16:44:11,022 INFO com.reimburse.rms.aop.LoggingAspect [http-nio-7474-exec-7] Exiting RequestDao.com.reimburse.rms.dao.RequestDao
2022-11-20 16:44:11,022 INFO com.reimburse.rms.aop.LoggingAspect [http-nio-7474-exec-7] Exiting RequestServiceImpl.com.reimburse.rms.service.RequestServiceImpl
2022-11-20 16:44:11,022 INFO com.reimburse.rms.aop.LoggingAspect [http-nio-7474-exec-7] Exiting RequestController.com.reimburse.rms.controller.RequestController
2022-11-20 16:44:39,310 INFO com.reimburse.rms.aop.LoggingAspect [http-nio-7474-exec-8] Entering RequestController.com.reimburse.rms.controller.RequestController
2022-11-20 16:44:39,310 INFO com.reimburse.rms.aop.LoggingAspect [http-nio-7474-exec-8] Entering RequestServiceImpl.com.reimburse.rms.service.RequestServiceImpl
2022-11-20 16:44:39,310 INFO com.reimburse.rms.aop.LoggingAspect [http-nio-7474-exec-8] Entering JpaRepository.org.springframework.data.jpa.repository.JpaRepository
2022-11-20 16:44:39,314 INFO com.reimburse.rms.aop.LoggingAspect [http-nio-7474-exec-8] Exiting JpaRepository.org.springframework.data.jpa.repository.JpaRepository
2022-11-20 16:44:39,314 INFO com.reimburse.rms.aop.LoggingAspect [http-nio-7474-exec-8] Exiting RequestServiceImpl.com.reimburse.rms.service.RequestServiceImpl
2022-11-20 16:44:39,314 INFO com.reimburse.rms.aop.LoggingAspect [http-nio-7474-exec-8] Exiting RequestController.com.reimburse.rms.controller.RequestController
2022-11-20 16:44:39,322 INFO com.reimburse.rms.aop.LoggingAspect [http-nio-7474-exec-9] Entering RequestController.com.reimburse.rms.controller.RequestController
2022-11-20 16:44:39,322 INFO com.reimburse.rms.aop.LoggingAspect [http-nio-7474-exec-9] Entering RequestServiceImpl.com.reimburse.rms.service.RequestServiceImpl
2022-11-20 16:44:39,323 INFO com.reimburse.rms.aop.LoggingAspect [http-nio-7474-exec-9] Entering RequestDao.com.reimburse.rms.dao.RequestDao
2022-11-20 16:44:39,324 INFO com.reimburse.rms.aop.LoggingAspect [http-nio-7474-exec-9] Exiting RequestDao.com.reimburse.rms.dao.RequestDao
2022-11-20 16:44:39,324 INFO com.reimburse.rms.aop.LoggingAspect [http-nio-7474-exec-9] Exiting RequestServiceImpl.com.reimburse.rms.service.RequestServiceImpl
2022-11-20 16:44:39,324 INFO com.reimburse.rms.aop.LoggingAspect [http-nio-7474-exec-9] Exiting RequestController.com.reimburse.rms.controller.RequestController
2022-11-20 16:47:48,335 INFO org.springframework.boot.StartupInfoLogger [restartedMain] Starting RmsApplication using Java 18.0.1.1 on landisPC with PID 22596 (C:\Users\Landis\eclipse-space3\rms.zip_expanded\rms\target\classes started by Landis in C:\Users\Landis\eclipse-space3\rms.zip_expanded\rms)
2022-11-20 16:47:48,336 INFO org.springframework.boot.SpringApplication [restartedMain] No active profile set, falling back to 1 default profile: "default"
2022-11-20 16:47:51,583 INFO org.springframework.boot.StartupInfoLogger [restartedMain] Started RmsApplication in 3.526 seconds (JVM running for 3.833)
2022-11-20 16:48:47,130 INFO com.reimburse.rms.aop.LoggingAspect [http-nio-7474-exec-1] Entering UserController.com.reimburse.rms.controller.UserController
2022-11-20 16:48:47,142 INFO com.reimburse.rms.aop.LoggingAspect [http-nio-7474-exec-1] Entering UserServiceImpl.com.reimburse.rms.service.UserServiceImpl
2022-11-20 16:48:47,149 INFO com.reimburse.rms.aop.LoggingAspect [http-nio-7474-exec-1] Entering UserDao.com.reimburse.rms.dao.UserDao
2022-11-20 16:48:47,291 INFO com.reimburse.rms.aop.LoggingAspect [http-nio-7474-exec-1] Exiting UserDao.com.reimburse.rms.dao.UserDao
2022-11-20 16:48:47,291 INFO com.reimburse.rms.aop.LoggingAspect [http-nio-7474-exec-1] Exiting UserServiceImpl.com.reimburse.rms.service.UserServiceImpl
2022-11-20 16:48:47,293 INFO com.reimburse.rms.aop.LoggingAspect [http-nio-7474-exec-1] Exiting UserController.com.reimburse.rms.controller.UserController
2022-11-20 16:48:47,348 INFO com.reimburse.rms.aop.LoggingAspect [http-nio-7474-exec-2] Entering RequestController.com.reimburse.rms.controller.RequestController
2022-11-20 16:48:47,352 INFO com.reimburse.rms.aop.LoggingAspect [http-nio-7474-exec-2] Entering RequestServiceImpl.com.reimburse.rms.service.RequestServiceImpl
2022-11-20 16:48:47,359 INFO com.reimburse.rms.aop.LoggingAspect [http-nio-7474-exec-2] Entering RequestDao.com.reimburse.rms.dao.RequestDao
2022-11-20 16:48:47,377 INFO com.reimburse.rms.aop.LoggingAspect [http-nio-7474-exec-2] Exiting RequestDao.com.reimburse.rms.dao.RequestDao
2022-11-20 16:48:47,377 INFO com.reimburse.rms.aop.LoggingAspect [http-nio-7474-exec-2] Exiting RequestServiceImpl.com.reimburse.rms.service.RequestServiceImpl
2022-11-20 16:48:47,377 INFO com.reimburse.rms.aop.LoggingAspect [http-nio-7474-exec-2] Exiting RequestController.com.reimburse.rms.controller.RequestController
2022-11-20 17:54:13,118 INFO com.reimburse.rms.aop.LoggingAspect [http-nio-7474-exec-5] Entering UserController.com.reimburse.rms.controller.UserController
2022-11-20 17:54:13,118 INFO com.reimburse.rms.aop.LoggingAspect [http-nio-7474-exec-5] Entering UserServiceImpl.com.reimburse.rms.service.UserServiceImpl
2022-11-20 17:54:13,118 INFO com.reimburse.rms.aop.LoggingAspect [http-nio-7474-exec-5] Entering UserDao.com.reimburse.rms.dao.UserDao
2022-11-20 17:54:13,122 INFO com.reimburse.rms.aop.LoggingAspect [http-nio-7474-exec-5] Exiting UserDao.com.reimburse.rms.dao.UserDao
2022-11-20 17:54:13,122 INFO com.reimburse.rms.aop.LoggingAspect [http-nio-7474-exec-5] Exiting UserServiceImpl.com.reimburse.rms.service.UserServiceImpl
2022-11-20 17:54:13,122 INFO com.reimburse.rms.aop.LoggingAspect [http-nio-7474-exec-5] Exiting UserController.com.reimburse.rms.controller.UserController
2022-11-20 17:54:13,139 INFO com.reimburse.rms.aop.LoggingAspect [http-nio-7474-exec-6] Entering RequestController.com.reimburse.rms.controller.RequestController
2022-11-20 17:54:13,139 INFO com.reimburse.rms.aop.LoggingAspect [http-nio-7474-exec-6] Entering RequestServiceImpl.com.reimburse.rms.service.RequestServiceImpl
2022-11-20 17:54:13,172 INFO com.reimburse.rms.aop.LoggingAspect [http-nio-7474-exec-6] Exiting RequestServiceImpl.com.reimburse.rms.service.RequestServiceImpl
2022-11-20 17:54:13,172 INFO com.reimburse.rms.aop.LoggingAspect [http-nio-7474-exec-6] Exiting RequestController.com.reimburse.rms.controller.RequestController
2022-11-20 18:06:39,365 INFO com.reimburse.rms.aop.LoggingAspect [http-nio-7474-exec-8] Entering UserController.com.reimburse.rms.controller.UserController
2022-11-20 18:06:39,365 INFO com.reimburse.rms.aop.LoggingAspect [http-nio-7474-exec-8] Entering UserServiceImpl.com.reimburse.rms.service.UserServiceImpl
2022-11-20 18:06:39,375 INFO com.reimburse.rms.aop.LoggingAspect [http-nio-7474-exec-8] Exiting UserServiceImpl.com.reimburse.rms.service.UserServiceImpl
2022-11-20 18:06:39,375 INFO com.reimburse.rms.aop.LoggingAspect [http-nio-7474-exec-8] Exiting UserController.com.reimburse.rms.controller.UserController
2022-11-20 18:06:46,638 INFO com.reimburse.rms.aop.LoggingAspect [http-nio-7474-exec-9] Entering RequestController.com.reimburse.rms.controller.RequestController
2022-11-20 18:06:46,638 INFO com.reimburse.rms.aop.LoggingAspect [http-nio-7474-exec-9] Entering RequestServiceImpl.com.reimburse.rms.service.RequestServiceImpl
2022-11-20 18:06:46,639 INFO com.reimburse.rms.aop.LoggingAspect [http-nio-7474-exec-9] Entering RequestDao.com.reimburse.rms.dao.RequestDao
2022-11-20 18:06:46,641 INFO com.reimburse.rms.aop.LoggingAspect [http-nio-7474-exec-9] Exiting RequestDao.com.reimburse.rms.dao.RequestDao
2022-11-20 18:06:46,641 INFO com.reimburse.rms.aop.LoggingAspect [http-nio-7474-exec-9] Exiting RequestServiceImpl.com.reimburse.rms.service.RequestServiceImpl
2022-11-20 18:06:46,641 INFO com.reimburse.rms.aop.LoggingAspect [http-nio-7474-exec-9] Exiting RequestController.com.reimburse.rms.controller.RequestController
2022-11-20 18:08:47,663 INFO com.reimburse.rms.aop.LoggingAspect [http-nio-7474-exec-1] Entering RequestController.com.reimburse.rms.controller.RequestController
2022-11-20 18:08:47,663 INFO com.reimburse.rms.aop.LoggingAspect [http-nio-7474-exec-1] Entering RequestServiceImpl.com.reimburse.rms.service.RequestServiceImpl
2022-11-20 18:08:47,669 INFO com.reimburse.rms.aop.LoggingAspect [http-nio-7474-exec-1] Exiting RequestServiceImpl.com.reimburse.rms.service.RequestServiceImpl
2022-11-20 18:08:47,669 INFO com.reimburse.rms.aop.LoggingAspect [http-nio-7474-exec-1] Exiting RequestController.com.reimburse.rms.controller.RequestController
2022-11-20 18:08:59,019 INFO com.reimburse.rms.aop.LoggingAspect [http-nio-7474-exec-2] Entering UserController.com.reimburse.rms.controller.UserController
2022-11-20 18:08:59,020 INFO com.reimburse.rms.aop.LoggingAspect [http-nio-7474-exec-2] Entering UserServiceImpl.com.reimburse.rms.service.UserServiceImpl
2022-11-20 18:08:59,023 INFO com.reimburse.rms.aop.LoggingAspect [http-nio-7474-exec-2] Exiting UserServiceImpl.com.reimburse.rms.service.UserServiceImpl
2022-11-20 18:08:59,023 INFO com.reimburse.rms.aop.LoggingAspect [http-nio-7474-exec-2] Exiting UserController.com.reimburse.rms.controller.UserController
